<?xml version="1.0" encoding="UTF-8"?>
<!-- Generated by org.testng.reporters.JUnitXMLReporter -->
<testsuite hostname="Manan" name="Default test" tests="3" failures="0" timestamp="1 Feb 2016 11:25:49 GMT" time="2.034" errors="0">
  <testcase name="" time="0.183" classname="springmvc.model.dao.UserDaoTest"/>
  <testcase name="" time="0.016" classname="springmvc.model.dao.UserDaoTest"/>
  <testcase name="" time="0.017" classname="springmvc.model.dao.UserDaoTest"/>
</testsuite> <!-- Default test -->
