<?xml version="1.0" encoding="UTF-8"?>
<testng-results skipped="0" failed="0" total="0" passed="0">
  <reporter-output>
  </reporter-output>
  <suite name="springmvc.model.dao.UserDaoTest" duration-ms="2" started-at="2016-03-09T07:51:20Z" finished-at="2016-03-09T07:51:20Z">
    <groups>
    </groups>
    <test name="Command line test" duration-ms="2" started-at="2016-03-09T07:51:20Z" finished-at="2016-03-09T07:51:20Z">
    </test> <!-- Command line test -->
  </suite> <!-- springmvc.model.dao.UserDaoTest -->
</testng-results>
